<?xml version="1.0" encoding="UTF-8"?>
<testsuite name="DuranceShould" tests="1" skipped="0" failures="0" errors="0" timestamp="2020-02-20T09:57:51" hostname="Kristian.local" time="0.036">
  <properties/>
  <testcase name="enchant_a_weapon" classname="DuranceShould" time="0.036"/>
  <system-out><![CDATA[]]></system-out>
  <system-err><![CDATA[]]></system-err>
</testsuite>
